<?xml version="1.0" encoding="UTF-8"?>
<testng-results ignored="2" total="4" passed="2" failed="0" skipped="0">
  <reporter-output>
  </reporter-output>
  <suite started-at="2022-12-27T22:14:29 IST" name="Suite" finished-at="2022-12-27T22:15:14 IST" duration-ms="44595">
    <groups>
    </groups>
    <test started-at="2022-12-27T22:14:29 IST" name="Test" finished-at="2022-12-27T22:15:14 IST" duration-ms="44595">
      <class name="testing.packages.tests.DemoTest">
        <test-method is-config="true" signature="extentReportsInitialization()[pri:0, instance:testing.packages.tests.DemoTest@60641ec8]" started-at="2022-12-27T22:14:29 IST" name="extentReportsInitialization" finished-at="2022-12-27T22:14:29 IST" duration-ms="86" status="PASS">
          <reporter-output>
          </reporter-output>
        </test-method> <!-- extentReportsInitialization -->
        <test-method is-config="true" signature="openBrowser()[pri:0, instance:testing.packages.tests.DemoTest@60641ec8]" started-at="2022-12-27T22:14:29 IST" name="openBrowser" finished-at="2022-12-27T22:14:31 IST" duration-ms="1476" status="PASS">
          <reporter-output>
          </reporter-output>
        </test-method> <!-- openBrowser -->
        <test-method is-config="true" signature="openURL()[pri:0, instance:testing.packages.tests.DemoTest@60641ec8]" started-at="2022-12-27T22:14:31 IST" name="openURL" finished-at="2022-12-27T22:14:35 IST" duration-ms="4370" status="PASS">
          <reporter-output>
          </reporter-output>
        </test-method> <!-- openURL -->
        <test-method signature="test()[pri:0, instance:testing.packages.tests.DemoTest@60641ec8]" started-at="2022-12-27T22:14:35 IST" name="test" finished-at="2022-12-27T22:14:35 IST" duration-ms="17" status="PASS">
          <reporter-output>
          </reporter-output>
        </test-method> <!-- test -->
        <test-method is-config="true" signature="tearDown(org.testng.ITestResult)[pri:0, instance:testing.packages.tests.DemoTest@60641ec8]" started-at="2022-12-27T22:14:35 IST" name="tearDown" finished-at="2022-12-27T22:14:52 IST" duration-ms="16247" status="PASS">
          <params>
            <param index="0">
              <value>
                <![CDATA[[TestResult name=test status=SUCCESS method=DemoTest.test()[pri:0, instance:testing.packages.tests.DemoTest@60641ec8] output={null}]]]>
              </value>
            </param>
          </params>
          <reporter-output>
          </reporter-output>
        </test-method> <!-- tearDown -->
        <test-method is-config="true" signature="endReport()[pri:0, instance:testing.packages.tests.DemoTest@60641ec8]" started-at="2022-12-27T22:15:14 IST" name="endReport" finished-at="2022-12-27T22:15:14 IST" duration-ms="162" status="PASS">
          <reporter-output>
          </reporter-output>
        </test-method> <!-- endReport -->
      </class> <!-- testing.packages.tests.DemoTest -->
      <class name="testing.packages.tests.PresentationTest">
        <test-method is-config="true" signature="openBrowser()[pri:0, instance:testing.packages.tests.PresentationTest@2bd2b28e]" started-at="2022-12-27T22:14:52 IST" name="openBrowser" finished-at="2022-12-27T22:14:52 IST" duration-ms="883" status="PASS">
          <reporter-output>
          </reporter-output>
        </test-method> <!-- openBrowser -->
        <test-method is-config="true" signature="openURL()[pri:0, instance:testing.packages.tests.PresentationTest@2bd2b28e]" started-at="2022-12-27T22:14:52 IST" name="openURL" finished-at="2022-12-27T22:14:57 IST" duration-ms="5069" status="PASS">
          <reporter-output>
          </reporter-output>
        </test-method> <!-- openURL -->
        <test-method signature="testing()[pri:0, instance:testing.packages.tests.PresentationTest@2bd2b28e]" started-at="2022-12-27T22:14:57 IST" name="testing" finished-at="2022-12-27T22:14:57 IST" duration-ms="2" status="PASS">
          <reporter-output>
          </reporter-output>
        </test-method> <!-- testing -->
        <test-method is-config="true" signature="tearDown(org.testng.ITestResult)[pri:0, instance:testing.packages.tests.PresentationTest@2bd2b28e]" started-at="2022-12-27T22:14:57 IST" name="tearDown" finished-at="2022-12-27T22:15:14 IST" duration-ms="16255" status="PASS">
          <params>
            <param index="0">
              <value>
                <![CDATA[[TestResult name=testing status=SUCCESS method=PresentationTest.testing()[pri:0, instance:testing.packages.tests.PresentationTest@2bd2b28e] output={null}]]]>
              </value>
            </param>
          </params>
          <reporter-output>
          </reporter-output>
        </test-method> <!-- tearDown -->
      </class> <!-- testing.packages.tests.PresentationTest -->
    </test> <!-- Test -->
  </suite> <!-- Suite -->
</testng-results>
