<?xml version="1.0" encoding="UTF-8"?>
<!-- Generated by org.testng.reporters.JUnitXMLReporter -->
<testsuite ignored="2" hostname="CSGBTPLT576" failures="0" tests="2" name="Test" time="44.595" errors="0" timestamp="2022-12-27T22:15:14 IST">
  <testcase classname="testing.packages.tests.DemoTest" name="test" time="0.017"/>
  <testcase classname="testing.packages.tests.PresentationTest" name="testing" time="0.002"/>
  <testcase classname="testing.packages.resources.Base" name="@BeforeTest extentReportsInitialization" time="0.0">
    <ignored/>
  </testcase> <!-- @BeforeTest extentReportsInitialization -->
  <testcase classname="testing.packages.resources.Base" name="@AfterTest endReport" time="0.0">
    <ignored/>
  </testcase> <!-- @AfterTest endReport -->
</testsuite> <!-- Test -->
